2024-05-24 08:28:06,610 INFO org.springframework.boot.StartupInfoLogger [restartedMain] Starting PospagoPrepagoMigracionApplication on E-5CG2404HGG with PID 18888 (started by elcvari in C:\Users\elcvari\OneDrive - Ericsson\Documents\Claro\Back\pospago-prepago-migracion)
2024-05-24 08:28:06,613 INFO org.springframework.boot.SpringApplication [restartedMain] No active profile set, falling back to default profiles: default
2024-05-24 08:28:06,698 INFO org.springframework.boot.logging.DeferredLog [restartedMain] The Class-Path manifest attribute in C:\Users\elcvari\.m2\repository\com\oracle\database\jdbc\ojdbc8\23.3.0.23.09\ojdbc8-23.3.0.23.09.jar referenced one or more files that do not exist: file:/C:/Users/elcvari/.m2/repository/com/oracle/database/jdbc/ojdbc8/23.3.0.23.09/oraclepki.jar
2024-05-24 08:28:06,699 INFO org.springframework.boot.logging.DeferredLog [restartedMain] The Class-Path manifest attribute in C:\Users\elcvari\.m2\repository\com\sun\xml\bind\jaxb-impl\2.2.3-1\jaxb-impl-2.2.3-1.jar referenced one or more files that do not exist: file:/C:/Users/elcvari/.m2/repository/com/sun/xml/bind/jaxb-impl/2.2.3-1/jaxb-api.jar,file:/C:/Users/elcvari/.m2/repository/com/sun/xml/bind/jaxb-impl/2.2.3-1/activation.jar,file:/C:/Users/elcvari/.m2/repository/com/sun/xml/bind/jaxb-impl/2.2.3-1/jsr173_1.0_api.jar,file:/C:/Users/elcvari/.m2/repository/com/sun/xml/bind/jaxb-impl/2.2.3-1/jaxb1-impl.jar
2024-05-24 08:28:06,700 INFO org.springframework.boot.logging.DeferredLog [restartedMain] The Class-Path manifest attribute in C:\Users\elcvari\.m2\repository\org\glassfish\jaxb\jaxb-runtime\2.3.2\jaxb-runtime-2.3.2.jar referenced one or more files that do not exist: file:/C:/Users/elcvari/.m2/repository/org/glassfish/jaxb/jaxb-runtime/2.3.2/jakarta.xml.bind-api-2.3.2.jar,file:/C:/Users/elcvari/.m2/repository/org/glassfish/jaxb/jaxb-runtime/2.3.2/txw2-2.3.2.jar,file:/C:/Users/elcvari/.m2/repository/org/glassfish/jaxb/jaxb-runtime/2.3.2/istack-commons-runtime-3.0.8.jar,file:/C:/Users/elcvari/.m2/repository/org/glassfish/jaxb/jaxb-runtime/2.3.2/stax-ex-1.8.1.jar,file:/C:/Users/elcvari/.m2/repository/org/glassfish/jaxb/jaxb-runtime/2.3.2/FastInfoset-1.2.16.jar,file:/C:/Users/elcvari/.m2/repository/org/glassfish/jaxb/jaxb-runtime/2.3.2/jakarta.activation-api-1.2.1.jar
2024-05-24 08:28:06,700 INFO org.springframework.boot.logging.DeferredLog [restartedMain] Devtools property defaults active! Set 'spring.devtools.add-properties' to 'false' to disable
2024-05-24 08:28:06,700 INFO org.springframework.boot.logging.DeferredLog [restartedMain] For additional web related logging consider setting the 'logging.level.web' property to 'DEBUG'
2024-05-24 08:28:07,825 INFO org.springframework.data.repository.config.RepositoryConfigurationDelegate [restartedMain] Multiple Spring Data modules found, entering strict repository configuration mode!
2024-05-24 08:28:07,826 INFO org.springframework.data.repository.config.RepositoryConfigurationDelegate [restartedMain] Bootstrapping Spring Data JPA repositories in DEFAULT mode.
2024-05-24 08:28:08,001 INFO org.springframework.data.repository.config.RepositoryConfigurationDelegate [restartedMain] Finished Spring Data repository scanning in 165ms. Found 2 JPA repository interfaces.
2024-05-24 08:28:08,684 INFO org.springframework.context.support.PostProcessorRegistrationDelegate$BeanPostProcessorChecker [restartedMain] Bean 'org.springframework.ws.config.annotation.DelegatingWsConfiguration' of type [org.springframework.ws.config.annotation.DelegatingWsConfiguration$$EnhancerBySpringCGLIB$$23cf8c3d] is not eligible for getting processed by all BeanPostProcessors (for example: not eligible for auto-proxying)
2024-05-24 08:28:08,718 INFO org.springframework.ws.soap.addressing.server.AbstractAddressingEndpointMapping [restartedMain] Supporting [WS-Addressing August 2004, WS-Addressing 1.0]
2024-05-24 08:28:10,040 INFO org.springframework.boot.web.embedded.tomcat.TomcatWebServer [restartedMain] Tomcat initialized with port(s): 8080 (http)
2024-05-24 08:28:10,055 INFO org.apache.juli.logging.DirectJDKLog [restartedMain] Initializing ProtocolHandler ["http-nio-8080"]
2024-05-24 08:28:10,056 INFO org.apache.juli.logging.DirectJDKLog [restartedMain] Starting service [Tomcat]
2024-05-24 08:28:10,057 INFO org.apache.juli.logging.DirectJDKLog [restartedMain] Starting Servlet engine: [Apache Tomcat/9.0.31]
2024-05-24 08:28:10,329 INFO org.apache.juli.logging.DirectJDKLog [restartedMain] Initializing Spring embedded WebApplicationContext
2024-05-24 08:28:10,329 INFO org.springframework.boot.web.servlet.context.ServletWebServerApplicationContext [restartedMain] Root WebApplicationContext: initialization completed in 3628 ms
2024-05-24 08:28:10,418 INFO com.claro.proceso.migracion.pospago.api.config.MactpreDB [restartedMain] Iniciando conexión por Jdbc JPA...
2024-05-24 08:28:10,715 INFO org.hibernate.jpa.internal.util.LogHelper [restartedMain] HHH000204: Processing PersistenceUnitInfo [name: default]
2024-05-24 08:28:10,831 INFO org.hibernate.Version [restartedMain] HHH000412: Hibernate ORM core version 5.4.12.Final
2024-05-24 08:28:11,027 INFO org.hibernate.annotations.common.reflection.java.JavaReflectionManager [restartedMain] HCANN000001: Hibernate Commons Annotations {5.1.0.Final}
2024-05-24 08:28:11,409 INFO com.zaxxer.hikari.HikariDataSource [restartedMain] HikariPool-1 - Starting...
2024-05-24 08:28:11,413 WARN com.zaxxer.hikari.util.DriverDataSource [restartedMain] Registered driver with driverClassName=oracle.jdbc.driver.OracleDriver was not found, trying direct instantiation.
2024-05-24 08:28:11,987 INFO com.zaxxer.hikari.HikariDataSource [restartedMain] HikariPool-1 - Start completed.
2024-05-24 08:28:12,002 INFO org.hibernate.dialect.Dialect [restartedMain] HHH000400: Using dialect: org.hibernate.dialect.Oracle12cDialect
2024-05-24 08:28:13,461 INFO org.hibernate.engine.transaction.jta.platform.internal.JtaPlatformInitiator [restartedMain] HHH000490: Using JtaPlatform implementation: [org.hibernate.engine.transaction.jta.platform.internal.NoJtaPlatform]
2024-05-24 08:28:13,469 INFO org.springframework.orm.jpa.AbstractEntityManagerFactoryBean [restartedMain] Initialized JPA EntityManagerFactory for persistence unit 'default'
2024-05-24 08:28:13,492 INFO com.claro.proceso.migracion.pospago.api.config.JdbcDBsConfig [restartedMain] Iniciando conexión por jdbc...
2024-05-24 08:28:14,081 INFO com.claro.proceso.migracion.pospago.api.config.JdbcDBsConfig [restartedMain] Iniciando conexión por jdbc...
2024-05-24 08:28:14,508 INFO org.springframework.scheduling.concurrent.ExecutorConfigurationSupport [restartedMain] Initializing ExecutorService 'applicationTaskExecutor'
2024-05-24 08:28:16,281 INFO org.springframework.boot.devtools.autoconfigure.OptionalLiveReloadServer [restartedMain] LiveReload server is running on port 35729
2024-05-24 08:28:16,305 INFO org.apache.juli.logging.DirectJDKLog [restartedMain] Starting ProtocolHandler ["http-nio-8080"]
2024-05-24 08:28:16,332 INFO org.springframework.boot.web.embedded.tomcat.TomcatWebServer [restartedMain] Tomcat started on port(s): 8080 (http) with context path ''
2024-05-24 08:28:16,335 INFO org.springframework.boot.StartupInfoLogger [restartedMain] Started PospagoPrepagoMigracionApplication in 10.316 seconds (JVM running for 10.959)
2024-05-24 08:29:58,594 INFO org.apache.juli.logging.DirectJDKLog [http-nio-8080-exec-1] Initializing Spring DispatcherServlet 'dispatcherServlet'
2024-05-24 08:29:58,595 INFO org.springframework.web.servlet.FrameworkServlet [http-nio-8080-exec-1] Initializing Servlet 'dispatcherServlet'
2024-05-24 08:29:58,605 INFO org.springframework.web.servlet.FrameworkServlet [http-nio-8080-exec-1] Completed initialization in 10 ms
2024-05-24 08:29:59,664 INFO org.springdoc.api.AbstractOpenApiResource [http-nio-8080-exec-3] Init duration for springdoc-openapi is: 872 ms
2024-05-24 08:42:26,793 INFO com.claro.proceso.migracion.pospago.api.controllers.BscsDataGatherController [http-nio-8080-exec-1] Obtener datos del cliente
2024-05-24 08:42:26,794 INFO com.claro.proceso.migracion.pospago.api.services.bscs.impl.BscsServiceImpl [http-nio-8080-exec-1] Obteniendo datos del cliente desde bscs...
2024-05-24 08:42:26,838 INFO com.zaxxer.hikari.HikariDataSource [http-nio-8080-exec-1] HikariPool-2 - Starting...
2024-05-24 08:42:26,838 WARN com.zaxxer.hikari.util.DriverDataSource [http-nio-8080-exec-1] Registered driver with driverClassName=oracle.jdbc.driver.OracleDriver was not found, trying direct instantiation.
2024-05-24 08:42:27,051 INFO com.zaxxer.hikari.HikariDataSource [http-nio-8080-exec-1] HikariPool-2 - Start completed.
2024-05-24 08:42:27,611 INFO com.claro.proceso.migracion.pospago.api.models.bscs.mapper.ClientMapper [http-nio-8080-exec-1] ResultSet 0
2024-05-24 08:42:28,931 INFO com.claro.proceso.migracion.pospago.api.services.migration.impl.MigrationFlowServiceImpl [http-nio-8080-exec-1] Se valida el tipo de linea
2024-05-24 08:42:28,932 INFO com.claro.proceso.migracion.pospago.api.services.wsrequests.impl.WebRequestsServicesImpl [http-nio-8080-exec-1] WebRequest limpiando el cache en SPR...
2024-05-24 08:42:29,291 INFO com.claro.proceso.migracion.pospago.api.services.migration.impl.MigrationFlowServiceImpl [http-nio-8080-exec-1] Se limpió el cache en SPR
2024-05-24 08:42:29,292 INFO com.claro.proceso.migracion.pospago.api.services.wsrequests.impl.WebRequestsServicesImpl [http-nio-8080-exec-1] WebRequest Obteniendo resultado en SPR...
2024-05-24 08:42:29,607 INFO com.claro.proceso.migracion.pospago.api.services.migration.impl.MigrationFlowServiceImpl [http-nio-8080-exec-1] El tipo de linea es: HIBRIDO
2024-05-24 08:42:29,660 INFO com.zaxxer.hikari.HikariDataSource [http-nio-8080-exec-1] HikariPool-3 - Starting...
2024-05-24 08:42:29,660 WARN com.zaxxer.hikari.util.DriverDataSource [http-nio-8080-exec-1] Registered driver with driverClassName=oracle.jdbc.driver.OracleDriver was not found, trying direct instantiation.
2024-05-24 08:42:29,761 INFO com.zaxxer.hikari.HikariDataSource [http-nio-8080-exec-1] HikariPool-3 - Start completed.
2024-05-24 08:42:29,771 ERROR com.claro.proceso.migracion.pospago.api.services.crmoe.impl.CrmOeServiceImpl [http-nio-8080-exec-1] No se obtuvo ningún dato de agencia Incorrect result size: expected 1, actual 0
2024-05-24 08:42:30,108 INFO com.claro.proceso.migracion.pospago.api.services.bscs.impl.BscsServiceImpl [http-nio-8080-exec-1]  Error = [Incorrect result size: expected 1, actual 0]
2024-05-24 08:42:30,165 INFO com.claro.proceso.migracion.pospago.api.controllers.BscsDataGatherController [http-nio-8080-exec-1] No es posible migrar porque noTieneAgencia
2024-05-24 08:42:30,166 INFO com.claro.proceso.migracion.pospago.api.controllers.BscsDataGatherController [http-nio-8080-exec-1] No es posible migrar porque tieneSaldo
2024-05-24 08:43:12,630 INFO com.claro.proceso.migracion.pospago.api.controllers.BscsDataGatherController [http-nio-8080-exec-2] Obtener datos del cliente
2024-05-24 08:43:12,631 INFO com.claro.proceso.migracion.pospago.api.services.bscs.impl.BscsServiceImpl [http-nio-8080-exec-2] Obteniendo datos del cliente desde bscs...
2024-05-24 08:43:12,831 INFO com.claro.proceso.migracion.pospago.api.models.bscs.mapper.ClientMapper [http-nio-8080-exec-2] ResultSet 0
2024-05-24 08:43:12,866 INFO com.claro.proceso.migracion.pospago.api.services.migration.impl.MigrationFlowServiceImpl [http-nio-8080-exec-2] Se valida el tipo de linea
2024-05-24 08:43:12,867 INFO com.claro.proceso.migracion.pospago.api.services.wsrequests.impl.WebRequestsServicesImpl [http-nio-8080-exec-2] WebRequest limpiando el cache en SPR...
2024-05-24 08:43:13,005 INFO com.claro.proceso.migracion.pospago.api.services.migration.impl.MigrationFlowServiceImpl [http-nio-8080-exec-2] Se limpió el cache en SPR
2024-05-24 08:43:13,006 INFO com.claro.proceso.migracion.pospago.api.services.wsrequests.impl.WebRequestsServicesImpl [http-nio-8080-exec-2] WebRequest Obteniendo resultado en SPR...
2024-05-24 08:43:13,276 INFO com.claro.proceso.migracion.pospago.api.services.migration.impl.MigrationFlowServiceImpl [http-nio-8080-exec-2] El tipo de linea es: HIBRIDO
2024-05-24 08:43:13,336 ERROR com.claro.proceso.migracion.pospago.api.services.crmoe.impl.CrmOeServiceImpl [http-nio-8080-exec-2] No se obtuvo ningún dato de agencia Incorrect result size: expected 1, actual 0
2024-05-24 08:43:13,400 INFO com.claro.proceso.migracion.pospago.api.services.bscs.impl.BscsServiceImpl [http-nio-8080-exec-2]  Error = [Incorrect result size: expected 1, actual 0]
2024-05-24 08:43:13,426 INFO com.claro.proceso.migracion.pospago.api.controllers.BscsDataGatherController [http-nio-8080-exec-2] No es posible migrar porque noTieneAgencia
2024-05-24 08:43:13,427 INFO com.claro.proceso.migracion.pospago.api.controllers.BscsDataGatherController [http-nio-8080-exec-2] No es posible migrar porque tieneSaldo
2024-05-24 08:43:46,105 INFO com.claro.proceso.migracion.pospago.api.controllers.BscsDataGatherController [http-nio-8080-exec-3] Obtener datos del cliente
2024-05-24 08:43:46,106 INFO com.claro.proceso.migracion.pospago.api.services.bscs.impl.BscsServiceImpl [http-nio-8080-exec-3] Obteniendo datos del cliente desde bscs...
2024-05-24 08:43:46,225 INFO com.claro.proceso.migracion.pospago.api.models.bscs.mapper.ClientMapper [http-nio-8080-exec-3] ResultSet 0
2024-05-24 08:43:46,252 INFO com.claro.proceso.migracion.pospago.api.services.migration.impl.MigrationFlowServiceImpl [http-nio-8080-exec-3] Se valida el tipo de linea
2024-05-24 08:43:46,252 INFO com.claro.proceso.migracion.pospago.api.services.wsrequests.impl.WebRequestsServicesImpl [http-nio-8080-exec-3] WebRequest limpiando el cache en SPR...
2024-05-24 08:43:46,359 INFO com.claro.proceso.migracion.pospago.api.services.migration.impl.MigrationFlowServiceImpl [http-nio-8080-exec-3] Se limpió el cache en SPR
2024-05-24 08:43:46,360 INFO com.claro.proceso.migracion.pospago.api.services.wsrequests.impl.WebRequestsServicesImpl [http-nio-8080-exec-3] WebRequest Obteniendo resultado en SPR...
2024-05-24 08:43:46,535 INFO com.claro.proceso.migracion.pospago.api.services.migration.impl.MigrationFlowServiceImpl [http-nio-8080-exec-3] El tipo de linea es: HIBRIDO
2024-05-24 08:43:46,620 INFO com.claro.proceso.migracion.pospago.api.services.bscs.impl.BscsServiceImpl [http-nio-8080-exec-3]  Error = [Incorrect result size: expected 1, actual 0]
2024-05-24 08:43:46,645 INFO com.claro.proceso.migracion.pospago.api.controllers.BscsDataGatherController [http-nio-8080-exec-3] No es posible migrar porque tieneSaldo
2024-05-24 08:52:01,218 INFO org.springframework.scheduling.concurrent.ExecutorConfigurationSupport [SpringContextShutdownHook] Shutting down ExecutorService 'applicationTaskExecutor'
2024-05-24 08:52:01,219 INFO com.zaxxer.hikari.HikariDataSource [SpringContextShutdownHook] HikariPool-3 - Shutdown initiated...
2024-05-24 08:52:01,258 INFO com.zaxxer.hikari.HikariDataSource [SpringContextShutdownHook] HikariPool-3 - Shutdown completed.
2024-05-24 08:52:01,258 INFO com.zaxxer.hikari.HikariDataSource [SpringContextShutdownHook] HikariPool-2 - Shutdown initiated...
2024-05-24 08:52:01,362 INFO com.zaxxer.hikari.HikariDataSource [SpringContextShutdownHook] HikariPool-2 - Shutdown completed.
2024-05-24 08:52:01,363 INFO org.springframework.orm.jpa.AbstractEntityManagerFactoryBean [SpringContextShutdownHook] Closing JPA EntityManagerFactory for persistence unit 'default'
2024-05-24 08:52:01,365 INFO com.zaxxer.hikari.HikariDataSource [SpringContextShutdownHook] HikariPool-1 - Shutdown initiated...
2024-05-24 08:52:01,398 INFO com.zaxxer.hikari.HikariDataSource [SpringContextShutdownHook] HikariPool-1 - Shutdown completed.
2024-05-24 15:08:41,272 INFO org.springframework.boot.StartupInfoLogger [restartedMain] Starting PospagoPrepagoMigracionApplication on E-5CG2404HGG with PID 29204 (started by elcvari in C:\Users\elcvari\OneDrive - Ericsson\Documents\Claro\Back\pospago-prepago-migracion)
2024-05-24 15:08:41,277 INFO org.springframework.boot.SpringApplication [restartedMain] No active profile set, falling back to default profiles: default
2024-05-24 15:08:41,356 INFO org.springframework.boot.logging.DeferredLog [restartedMain] The Class-Path manifest attribute in C:\Users\elcvari\.m2\repository\com\oracle\database\jdbc\ojdbc8\23.3.0.23.09\ojdbc8-23.3.0.23.09.jar referenced one or more files that do not exist: file:/C:/Users/elcvari/.m2/repository/com/oracle/database/jdbc/ojdbc8/23.3.0.23.09/oraclepki.jar
2024-05-24 15:08:41,357 INFO org.springframework.boot.logging.DeferredLog [restartedMain] The Class-Path manifest attribute in C:\Users\elcvari\.m2\repository\com\sun\xml\bind\jaxb-impl\2.2.3-1\jaxb-impl-2.2.3-1.jar referenced one or more files that do not exist: file:/C:/Users/elcvari/.m2/repository/com/sun/xml/bind/jaxb-impl/2.2.3-1/jaxb-api.jar,file:/C:/Users/elcvari/.m2/repository/com/sun/xml/bind/jaxb-impl/2.2.3-1/activation.jar,file:/C:/Users/elcvari/.m2/repository/com/sun/xml/bind/jaxb-impl/2.2.3-1/jsr173_1.0_api.jar,file:/C:/Users/elcvari/.m2/repository/com/sun/xml/bind/jaxb-impl/2.2.3-1/jaxb1-impl.jar
2024-05-24 15:08:41,357 INFO org.springframework.boot.logging.DeferredLog [restartedMain] The Class-Path manifest attribute in C:\Users\elcvari\.m2\repository\org\glassfish\jaxb\jaxb-runtime\2.3.2\jaxb-runtime-2.3.2.jar referenced one or more files that do not exist: file:/C:/Users/elcvari/.m2/repository/org/glassfish/jaxb/jaxb-runtime/2.3.2/jakarta.xml.bind-api-2.3.2.jar,file:/C:/Users/elcvari/.m2/repository/org/glassfish/jaxb/jaxb-runtime/2.3.2/txw2-2.3.2.jar,file:/C:/Users/elcvari/.m2/repository/org/glassfish/jaxb/jaxb-runtime/2.3.2/istack-commons-runtime-3.0.8.jar,file:/C:/Users/elcvari/.m2/repository/org/glassfish/jaxb/jaxb-runtime/2.3.2/stax-ex-1.8.1.jar,file:/C:/Users/elcvari/.m2/repository/org/glassfish/jaxb/jaxb-runtime/2.3.2/FastInfoset-1.2.16.jar,file:/C:/Users/elcvari/.m2/repository/org/glassfish/jaxb/jaxb-runtime/2.3.2/jakarta.activation-api-1.2.1.jar
2024-05-24 15:08:41,357 INFO org.springframework.boot.logging.DeferredLog [restartedMain] Devtools property defaults active! Set 'spring.devtools.add-properties' to 'false' to disable
2024-05-24 15:08:41,357 INFO org.springframework.boot.logging.DeferredLog [restartedMain] For additional web related logging consider setting the 'logging.level.web' property to 'DEBUG'
2024-05-24 15:08:41,990 INFO org.springframework.data.repository.config.RepositoryConfigurationDelegate [restartedMain] Multiple Spring Data modules found, entering strict repository configuration mode!
2024-05-24 15:08:41,991 INFO org.springframework.data.repository.config.RepositoryConfigurationDelegate [restartedMain] Bootstrapping Spring Data JPA repositories in DEFAULT mode.
2024-05-24 15:08:42,112 INFO org.springframework.data.repository.config.RepositoryConfigurationDelegate [restartedMain] Finished Spring Data repository scanning in 114ms. Found 2 JPA repository interfaces.
2024-05-24 15:08:42,589 INFO org.springframework.context.support.PostProcessorRegistrationDelegate$BeanPostProcessorChecker [restartedMain] Bean 'org.springframework.ws.config.annotation.DelegatingWsConfiguration' of type [org.springframework.ws.config.annotation.DelegatingWsConfiguration$$EnhancerBySpringCGLIB$$ccee1e40] is not eligible for getting processed by all BeanPostProcessors (for example: not eligible for auto-proxying)
2024-05-24 15:08:42,612 INFO org.springframework.ws.soap.addressing.server.AbstractAddressingEndpointMapping [restartedMain] Supporting [WS-Addressing August 2004, WS-Addressing 1.0]
2024-05-24 15:08:43,563 INFO org.springframework.boot.web.embedded.tomcat.TomcatWebServer [restartedMain] Tomcat initialized with port(s): 8080 (http)
2024-05-24 15:08:43,575 INFO org.apache.juli.logging.DirectJDKLog [restartedMain] Initializing ProtocolHandler ["http-nio-8080"]
2024-05-24 15:08:43,576 INFO org.apache.juli.logging.DirectJDKLog [restartedMain] Starting service [Tomcat]
2024-05-24 15:08:43,576 INFO org.apache.juli.logging.DirectJDKLog [restartedMain] Starting Servlet engine: [Apache Tomcat/9.0.31]
2024-05-24 15:08:43,814 INFO org.apache.juli.logging.DirectJDKLog [restartedMain] Initializing Spring embedded WebApplicationContext
2024-05-24 15:08:43,814 INFO org.springframework.boot.web.servlet.context.ServletWebServerApplicationContext [restartedMain] Root WebApplicationContext: initialization completed in 2456 ms
2024-05-24 15:08:43,880 INFO com.claro.proceso.migracion.pospago.api.config.MactpreDB [restartedMain] Iniciando conexión por Jdbc JPA...
2024-05-24 15:08:44,088 INFO org.hibernate.jpa.internal.util.LogHelper [restartedMain] HHH000204: Processing PersistenceUnitInfo [name: default]
2024-05-24 15:08:44,177 INFO org.hibernate.Version [restartedMain] HHH000412: Hibernate ORM core version 5.4.12.Final
2024-05-24 15:08:44,310 INFO org.hibernate.annotations.common.reflection.java.JavaReflectionManager [restartedMain] HCANN000001: Hibernate Commons Annotations {5.1.0.Final}
2024-05-24 15:08:44,588 INFO com.zaxxer.hikari.HikariDataSource [restartedMain] HikariPool-1 - Starting...
2024-05-24 15:08:44,590 WARN com.zaxxer.hikari.util.DriverDataSource [restartedMain] Registered driver with driverClassName=oracle.jdbc.driver.OracleDriver was not found, trying direct instantiation.
2024-05-24 15:08:45,100 INFO com.zaxxer.hikari.HikariDataSource [restartedMain] HikariPool-1 - Start completed.
2024-05-24 15:08:45,113 INFO org.hibernate.dialect.Dialect [restartedMain] HHH000400: Using dialect: org.hibernate.dialect.Oracle12cDialect
2024-05-24 15:08:46,157 INFO org.hibernate.engine.transaction.jta.platform.internal.JtaPlatformInitiator [restartedMain] HHH000490: Using JtaPlatform implementation: [org.hibernate.engine.transaction.jta.platform.internal.NoJtaPlatform]
2024-05-24 15:08:46,163 INFO org.springframework.orm.jpa.AbstractEntityManagerFactoryBean [restartedMain] Initialized JPA EntityManagerFactory for persistence unit 'default'
2024-05-24 15:08:46,182 INFO com.claro.proceso.migracion.pospago.api.config.JdbcDBsConfig [restartedMain] Iniciando conexión por jdbc...
2024-05-24 15:08:46,625 INFO com.claro.proceso.migracion.pospago.api.config.JdbcDBsConfig [restartedMain] Iniciando conexión por jdbc...
2024-05-24 15:08:46,923 INFO org.springframework.scheduling.concurrent.ExecutorConfigurationSupport [restartedMain] Initializing ExecutorService 'applicationTaskExecutor'
2024-05-24 15:08:48,020 INFO org.springframework.boot.devtools.autoconfigure.OptionalLiveReloadServer [restartedMain] LiveReload server is running on port 35729
2024-05-24 15:08:48,036 INFO org.apache.juli.logging.DirectJDKLog [restartedMain] Starting ProtocolHandler ["http-nio-8080"]
2024-05-24 15:08:48,052 INFO org.springframework.boot.web.embedded.tomcat.TomcatWebServer [restartedMain] Tomcat started on port(s): 8080 (http) with context path ''
2024-05-24 15:08:48,054 INFO org.springframework.boot.StartupInfoLogger [restartedMain] Started PospagoPrepagoMigracionApplication in 7.259 seconds (JVM running for 7.869)
2024-05-24 15:11:19,452 INFO org.apache.juli.logging.DirectJDKLog [http-nio-8080-exec-1] Initializing Spring DispatcherServlet 'dispatcherServlet'
2024-05-24 15:11:19,452 INFO org.springframework.web.servlet.FrameworkServlet [http-nio-8080-exec-1] Initializing Servlet 'dispatcherServlet'
2024-05-24 15:11:19,462 INFO org.springframework.web.servlet.FrameworkServlet [http-nio-8080-exec-1] Completed initialization in 10 ms
2024-05-24 15:11:19,595 INFO com.claro.proceso.migracion.pospago.api.controllers.BscsDataGatherController [http-nio-8080-exec-2] Obtener datos del cliente
2024-05-24 15:11:19,596 INFO com.claro.proceso.migracion.pospago.api.services.bscs.impl.BscsServiceImpl [http-nio-8080-exec-2] Obteniendo datos del cliente desde bscs...
2024-05-24 15:11:19,834 INFO com.zaxxer.hikari.HikariDataSource [http-nio-8080-exec-2] HikariPool-2 - Starting...
2024-05-24 15:11:19,834 WARN com.zaxxer.hikari.util.DriverDataSource [http-nio-8080-exec-2] Registered driver with driverClassName=oracle.jdbc.driver.OracleDriver was not found, trying direct instantiation.
2024-05-24 15:11:20,021 INFO com.zaxxer.hikari.HikariDataSource [http-nio-8080-exec-2] HikariPool-2 - Start completed.
2024-05-24 15:11:20,107 INFO com.claro.proceso.migracion.pospago.api.models.bscs.mapper.ClientMapper [http-nio-8080-exec-2] ResultSet 0
2024-05-24 15:11:20,204 INFO com.claro.proceso.migracion.pospago.api.services.bscs.impl.BscsServiceImpl [http-nio-8080-exec-2] No se encontró Imei ni Imsi para el msisdn 50234060732
2024-05-24 15:11:20,205 INFO com.claro.proceso.migracion.pospago.api.services.migration.impl.MigrationFlowServiceImpl [http-nio-8080-exec-2] Se valida el tipo de linea
2024-05-24 15:11:20,206 INFO com.claro.proceso.migracion.pospago.api.services.wsrequests.impl.WebRequestsServicesImpl [http-nio-8080-exec-2] WebRequest limpiando el cache en SPR...
2024-05-24 15:11:20,602 INFO com.claro.proceso.migracion.pospago.api.services.migration.impl.MigrationFlowServiceImpl [http-nio-8080-exec-2] Se limpió el cache en SPR {"code":0,"description":"Successful Transaction"}
2024-05-24 15:11:20,603 INFO com.claro.proceso.migracion.pospago.api.services.wsrequests.impl.WebRequestsServicesImpl [http-nio-8080-exec-2] WebRequest Obteniendo resultado en SPR...
2024-05-24 15:11:20,774 INFO com.claro.proceso.migracion.pospago.api.services.migration.impl.MigrationFlowServiceImpl [http-nio-8080-exec-2] Response de consulta SPR {"exitStatus":{"code":0,"description":"Successful Transaction"},"paymentMethodInd":"H","iso3166":"GT","imsi":"704012066654224","transactionId":"dedf0f2c-50d6-4196-824c-4d526cf3c47e","parameters":{"companyRange.companyId":"3","companyRange.companyName":"CLARO GT","companyRange.max":"50234799999","companyRange.min":"50234010000","isBroadband":"false","isCorp":"false","isDTHProfileId":"false","isIFI":"false","isMigrated":"true","platform":["BSCS_VIII","TECNOMEN"],"profileId":"116","tecnomenAccountStatus":"2","tecnomenServiceStatus":"1"}}
2024-05-24 15:11:20,778 INFO com.claro.proceso.migracion.pospago.api.services.migration.impl.MigrationFlowServiceImpl [http-nio-8080-exec-2] El tipo de linea es: HIBRIDO
2024-05-24 15:11:20,806 INFO com.claro.proceso.migracion.pospago.api.services.bscs.impl.BscsServiceImpl [http-nio-8080-exec-2] No se encontró Imei ni Imsi para el msisdn 50234060732
2024-05-24 15:11:20,822 INFO com.zaxxer.hikari.HikariDataSource [http-nio-8080-exec-2] HikariPool-3 - Starting...
2024-05-24 15:11:20,823 WARN com.zaxxer.hikari.util.DriverDataSource [http-nio-8080-exec-2] Registered driver with driverClassName=oracle.jdbc.driver.OracleDriver was not found, trying direct instantiation.
2024-05-24 15:11:20,921 INFO com.zaxxer.hikari.HikariDataSource [http-nio-8080-exec-2] HikariPool-3 - Start completed.
2024-05-24 15:11:21,026 INFO com.claro.proceso.migracion.pospago.api.services.bscs.impl.BscsServiceImpl [http-nio-8080-exec-2]  Error = [Incorrect result size: expected 1, actual 0]
2024-05-24 15:12:42,140 INFO com.claro.proceso.migracion.pospago.api.services.wsrequests.impl.WebRequestsServicesImpl [http-nio-8080-exec-5] WebRequest Obteniendo resultado del servicio del código maestro 1001
2024-05-24 15:12:42,458 INFO com.claro.proceso.migracion.pospago.api.controllers.WebServicesController [http-nio-8080-exec-5] Response del WS código maestro [{"EXISTE":"TRUE","CODIGO_CANAL":"07"}]
2024-05-24 15:12:59,209 INFO com.claro.proceso.migracion.pospago.api.services.migration.impl.MigrationFlowServiceImpl [http-nio-8080-exec-3] iniciando flujo de migración
2024-05-24 15:12:59,210 INFO com.claro.proceso.migracion.pospago.api.services.migration.impl.MigrationFlowServiceImpl [http-nio-8080-exec-3] Se valida el tipo de linea
2024-05-24 15:12:59,211 INFO com.claro.proceso.migracion.pospago.api.services.wsrequests.impl.WebRequestsServicesImpl [http-nio-8080-exec-3] WebRequest limpiando el cache en SPR...
2024-05-24 15:12:59,307 INFO com.claro.proceso.migracion.pospago.api.services.migration.impl.MigrationFlowServiceImpl [http-nio-8080-exec-3] Se limpió el cache en SPR {"code":0,"description":"Successful Transaction"}
2024-05-24 15:12:59,308 INFO com.claro.proceso.migracion.pospago.api.services.wsrequests.impl.WebRequestsServicesImpl [http-nio-8080-exec-3] WebRequest Obteniendo resultado en SPR...
2024-05-24 15:12:59,569 INFO com.claro.proceso.migracion.pospago.api.services.migration.impl.MigrationFlowServiceImpl [http-nio-8080-exec-3] Response de consulta SPR {"exitStatus":{"code":0,"description":"Successful Transaction"},"paymentMethodInd":"H","iso3166":"GT","imsi":"704012066654224","transactionId":"07771d21-f609-484e-aad1-2e34a5da851f","parameters":{"companyRange.companyId":"3","companyRange.companyName":"CLARO GT","companyRange.max":"50234799999","companyRange.min":"50234010000","isBroadband":"false","isCorp":"false","isDTHProfileId":"false","isIFI":"false","isMigrated":"true","platform":["BSCS_VIII","TECNOMEN"],"profileId":"116","tecnomenAccountStatus":"2","tecnomenServiceStatus":"1"}}
2024-05-24 15:12:59,571 INFO com.claro.proceso.migracion.pospago.api.services.migration.impl.MigrationFlowServiceImpl [http-nio-8080-exec-3] El tipo de linea es: HIBRIDO
2024-05-24 15:12:59,572 INFO com.claro.proceso.migracion.pospago.api.services.migration.impl.MigrationFlowServiceImpl [http-nio-8080-exec-3] Response de consulta SPR HIBRIDO
2024-05-24 15:12:59,572 INFO com.claro.proceso.migracion.pospago.api.services.mactpre.impl.MigrationOrdersServiceImpl [http-nio-8080-exec-3] Buscar si hay orden para este número
2024-05-24 15:12:59,629 INFO com.claro.proceso.migracion.pospago.api.services.mactpre.impl.MigrationOrdersServiceImpl [http-nio-8080-exec-3] El número ya posee una orden anterior de migración
2024-05-24 15:12:59,631 INFO com.claro.proceso.migracion.pospago.api.controllers.MigrationFlowController [http-nio-8080-exec-3] respuesta de la migración {0={Inicios de flujo de migración pospago HIBRIDO=se encontró una orden 1716576876 para este msisdn 50234060732, odacode=1689655442, completed=la orden 1716576876 fue efectuada 2024-05-24T12:56:28.954 y se encuentra en estado COMPLETED}}
2024-05-24 15:12:59,632 INFO com.claro.proceso.migracion.pospago.api.controllers.MigrationFlowController [http-nio-8080-exec-3] info del entry 0={Inicios de flujo de migración pospago HIBRIDO=se encontró una orden 1716576876 para este msisdn 50234060732, odacode=1689655442, completed=la orden 1716576876 fue efectuada 2024-05-24T12:56:28.954 y se encuentra en estado COMPLETED}
2024-05-24 15:15:45,563 INFO com.claro.proceso.migracion.pospago.api.services.mactpre.impl.MigrationOrdersServiceImpl [http-nio-8080-exec-7] Buscar si hay orden para este número
2024-05-24 15:15:45,596 INFO com.claro.proceso.migracion.pospago.api.services.mactpre.impl.MigrationOrdersServiceImpl [http-nio-8080-exec-7] El número ya posee una orden anterior de migración
2024-05-24 15:15:45,737 INFO com.claro.proceso.migracion.pospago.api.services.mactpre.impl.MigrationOrdersServiceImpl [http-nio-8080-exec-7] Registro de orden eliminada!
2024-05-24 15:17:31,669 INFO com.claro.proceso.migracion.pospago.api.controllers.BscsDataGatherController [http-nio-8080-exec-1] Obtener datos del cliente
2024-05-24 15:17:31,671 INFO com.claro.proceso.migracion.pospago.api.services.bscs.impl.BscsServiceImpl [http-nio-8080-exec-1] Obteniendo datos del cliente desde bscs...
2024-05-24 15:17:31,858 INFO com.claro.proceso.migracion.pospago.api.models.bscs.mapper.ClientMapper [http-nio-8080-exec-1] ResultSet 0
2024-05-24 15:17:31,914 INFO com.claro.proceso.migracion.pospago.api.services.bscs.impl.BscsServiceImpl [http-nio-8080-exec-1] No se encontró Imei ni Imsi para el msisdn 50234060732
2024-05-24 15:17:31,915 INFO com.claro.proceso.migracion.pospago.api.services.migration.impl.MigrationFlowServiceImpl [http-nio-8080-exec-1] Se valida el tipo de linea
2024-05-24 15:17:31,915 INFO com.claro.proceso.migracion.pospago.api.services.wsrequests.impl.WebRequestsServicesImpl [http-nio-8080-exec-1] WebRequest limpiando el cache en SPR...
2024-05-24 15:17:32,018 INFO com.claro.proceso.migracion.pospago.api.services.migration.impl.MigrationFlowServiceImpl [http-nio-8080-exec-1] Se limpió el cache en SPR {"code":0,"description":"Successful Transaction"}
2024-05-24 15:17:32,019 INFO com.claro.proceso.migracion.pospago.api.services.wsrequests.impl.WebRequestsServicesImpl [http-nio-8080-exec-1] WebRequest Obteniendo resultado en SPR...
2024-05-24 15:17:32,154 INFO com.claro.proceso.migracion.pospago.api.services.migration.impl.MigrationFlowServiceImpl [http-nio-8080-exec-1] Response de consulta SPR {"exitStatus":{"code":0,"description":"Successful Transaction"},"paymentMethodInd":"H","iso3166":"GT","imsi":"704012066654224","transactionId":"4bd28a2f-2c9d-417a-b07a-8f82c1ffc76c","parameters":{"companyRange.companyId":"3","companyRange.companyName":"CLARO GT","companyRange.max":"50234799999","companyRange.min":"50234010000","isBroadband":"false","isCorp":"false","isDTHProfileId":"false","isIFI":"false","isMigrated":"true","platform":["BSCS_VIII","TECNOMEN"],"profileId":"116","tecnomenAccountStatus":"2","tecnomenServiceStatus":"1"}}
2024-05-24 15:17:32,155 INFO com.claro.proceso.migracion.pospago.api.services.migration.impl.MigrationFlowServiceImpl [http-nio-8080-exec-1] El tipo de linea es: HIBRIDO
2024-05-24 15:17:32,187 INFO com.claro.proceso.migracion.pospago.api.services.bscs.impl.BscsServiceImpl [http-nio-8080-exec-1] No se encontró Imei ni Imsi para el msisdn 50234060732
2024-05-24 15:17:32,302 INFO com.claro.proceso.migracion.pospago.api.services.bscs.impl.BscsServiceImpl [http-nio-8080-exec-1]  Error = [Incorrect result size: expected 1, actual 0]
2024-05-24 15:17:35,745 INFO com.claro.proceso.migracion.pospago.api.services.wsrequests.impl.WebRequestsServicesImpl [http-nio-8080-exec-10] WebRequest Obteniendo resultado del servicio del código maestro 1001
2024-05-24 15:17:36,005 INFO com.claro.proceso.migracion.pospago.api.controllers.WebServicesController [http-nio-8080-exec-10] Response del WS código maestro [{"EXISTE":"TRUE","CODIGO_CANAL":"07"}]
2024-05-24 15:17:56,922 INFO com.claro.proceso.migracion.pospago.api.services.migration.impl.MigrationFlowServiceImpl [http-nio-8080-exec-4] iniciando flujo de migración
2024-05-24 15:17:56,923 INFO com.claro.proceso.migracion.pospago.api.services.migration.impl.MigrationFlowServiceImpl [http-nio-8080-exec-4] Se valida el tipo de linea
2024-05-24 15:17:56,923 INFO com.claro.proceso.migracion.pospago.api.services.wsrequests.impl.WebRequestsServicesImpl [http-nio-8080-exec-4] WebRequest limpiando el cache en SPR...
2024-05-24 15:17:57,050 INFO com.claro.proceso.migracion.pospago.api.services.migration.impl.MigrationFlowServiceImpl [http-nio-8080-exec-4] Se limpió el cache en SPR {"code":0,"description":"Successful Transaction"}
2024-05-24 15:17:57,051 INFO com.claro.proceso.migracion.pospago.api.services.wsrequests.impl.WebRequestsServicesImpl [http-nio-8080-exec-4] WebRequest Obteniendo resultado en SPR...
2024-05-24 15:17:57,314 INFO com.claro.proceso.migracion.pospago.api.services.migration.impl.MigrationFlowServiceImpl [http-nio-8080-exec-4] Response de consulta SPR {"exitStatus":{"code":0,"description":"Successful Transaction"},"paymentMethodInd":"H","iso3166":"GT","imsi":"704012066654224","transactionId":"ce2b034e-cf70-41fd-ba90-f1318bf4862d","parameters":{"companyRange.companyId":"3","companyRange.companyName":"CLARO GT","companyRange.max":"50234799999","companyRange.min":"50234010000","isBroadband":"false","isCorp":"false","isDTHProfileId":"false","isIFI":"false","isMigrated":"true","platform":["BSCS_VIII","TECNOMEN"],"profileId":"116","tecnomenAccountStatus":"2","tecnomenServiceStatus":"1"}}
2024-05-24 15:17:57,315 INFO com.claro.proceso.migracion.pospago.api.services.migration.impl.MigrationFlowServiceImpl [http-nio-8080-exec-4] El tipo de linea es: HIBRIDO
2024-05-24 15:17:57,315 INFO com.claro.proceso.migracion.pospago.api.services.migration.impl.MigrationFlowServiceImpl [http-nio-8080-exec-4] Response de consulta SPR HIBRIDO
2024-05-24 15:17:57,315 INFO com.claro.proceso.migracion.pospago.api.services.mactpre.impl.MigrationOrdersServiceImpl [http-nio-8080-exec-4] Buscar si hay orden para este número
2024-05-24 15:17:57,327 INFO com.claro.proceso.migracion.pospago.api.services.mactpre.impl.MigrationOrdersServiceImpl [http-nio-8080-exec-4] El número no tiene ninguna orden de migración anterior
2024-05-24 15:17:57,328 INFO com.claro.proceso.migracion.pospago.api.services.migration.impl.MigrationFlowServiceImpl [http-nio-8080-exec-4] inicio de flujo pospago completo
2024-05-24 15:17:57,419 INFO com.claro.proceso.migracion.pospago.api.services.migration.impl.MigrationFlowServiceImpl [http-nio-8080-exec-4] Iniciando baja en pospago...
2024-05-24 15:17:57,424 INFO com.claro.proceso.migracion.pospago.api.services.wsrequests.impl.WebRequestsServicesImpl [http-nio-8080-exec-4] WebRequest Obteniendo resultado del servicio de baja en pospago
2024-05-24 15:18:00,451 INFO com.claro.proceso.migracion.pospago.api.services.migration.impl.MigrationFlowServiceImpl [http-nio-8080-exec-4] Response de dropPostpaid {"hasError":false,"code":562,"message":"success","attributes":[{"name":"downPostpaid","value"}]}{"hasError":true,"code":0,"message":"Failed","faultDetails":{"errorCode":500,"errorMessage":"Type definition error: [simple type, class org.json.JSONObject]; nested exception is com.fasterxml.jackson.databind.exc.InvalidDefinitionException: No serializer found for class org.json.JSONObject and no properties discovered to create BeanSerializer (to avoid exception, disable SerializationFeature.FAIL_ON_EMPTY_BEANS) (through reference chain: com.claro.bscs8.dto.ExitStatusDTO[\"attributes\"]->java.util.ArrayList[0]->com.claro.bscs8.dto.AttributesDTO[\"value\"])","errorDetails":"org.springframework.http.converter.HttpMessageConversionException: Type definition error: [simple type, class org.json.JSONObject]; nested exception is com.fasterxml.jackson.databind.exc.InvalidDefinitionException: No serializer found for class org.json.JSONObject and no properties discovered to create BeanSerializer (to avoid exception, disable SerializationFeature.FAIL_ON_EMPTY_BEANS) (through reference chain: com.claro.bscs8.dto.ExitStatusDTO[\"attributes\"]->java.util.ArrayList[0]->com.claro.bscs8.dto.AttributesDTO[\"value\"])"}}
2024-05-24 15:18:00,453 INFO com.claro.proceso.migracion.pospago.api.services.migration.impl.MigrationFlowServiceImpl [http-nio-8080-exec-4] Baja en pospago completada!
2024-05-24 15:18:00,454 INFO com.claro.proceso.migracion.pospago.api.services.mactpre.impl.MigrationOrdersServiceImpl [http-nio-8080-exec-4] Guardar traking para la orden 1716585451 con estado IN_PROGRESS
2024-05-24 15:18:00,478 INFO com.claro.proceso.migracion.pospago.api.services.mactpre.impl.MigrationOrdersServiceImpl [http-nio-8080-exec-4] Guardado el estado de la orden
2024-05-24 15:18:00,511 INFO com.claro.proceso.migracion.pospago.api.services.migration.impl.MigrationFlowServiceImpl [http-nio-8080-exec-4] ir al siguiente paso validar la baja
2024-05-24 15:18:00,512 INFO com.claro.proceso.migracion.pospago.api.services.migration.impl.MigrationFlowServiceImpl [http-nio-8080-exec-4] Verificando estatus de la baja...
2024-05-24 15:18:00,514 INFO com.claro.proceso.migracion.pospago.api.services.wsrequests.impl.WebRequestsServicesImpl [http-nio-8080-exec-4] WebRequest Obteniendo resultado del servicio de baja en pospago...
2024-05-24 15:18:00,548 INFO com.claro.proceso.migracion.pospago.api.services.wsrequests.impl.WebRequestsServicesImpl [http-nio-8080-exec-4] Datos cargados
2024-05-24 15:18:00,555 INFO com.claro.proceso.migracion.pospago.api.services.wsrequests.impl.WebRequestsServicesImpl [http-nio-8080-exec-4] request Drop validation: {
  "orderNumber" : 1716585451,
  "userId" : "admin_gt",
  "contractId" : 17548707,
  "phoneNumber" : "50234060732",
  "sim" : "8950201023057195130F"
}
2024-05-24 15:18:00,555 INFO com.claro.proceso.migracion.pospago.api.services.wsrequests.impl.WebRequestsServicesImpl [http-nio-8080-exec-4] loop de validación ha iniciado condator = 0
2024-05-24 15:18:00,958 INFO com.claro.proceso.migracion.pospago.api.services.wsrequests.impl.WebRequestsServicesImpl [http-nio-8080-exec-4] Se ha consultado el estado de la baja response status = 500
2024-05-24 15:18:06,975 INFO com.claro.proceso.migracion.pospago.api.services.wsrequests.impl.WebRequestsServicesImpl [http-nio-8080-exec-4] Siempo de espera para reintento = 6, cantidad de reintentos = 5
2024-05-24 15:18:06,975 INFO com.claro.proceso.migracion.pospago.api.services.wsrequests.impl.WebRequestsServicesImpl [http-nio-8080-exec-4] Se obtuvo respuesta del servicio hasError = true, y contador de intentos igual a 1
2024-05-24 15:18:06,976 INFO com.claro.proceso.migracion.pospago.api.services.wsrequests.impl.WebRequestsServicesImpl [http-nio-8080-exec-4] loop de validación ha iniciado condator = 1
2024-05-24 15:18:07,466 INFO com.claro.proceso.migracion.pospago.api.services.wsrequests.impl.WebRequestsServicesImpl [http-nio-8080-exec-4] Se ha consultado el estado de la baja response status = 500
2024-05-24 15:18:13,479 INFO com.claro.proceso.migracion.pospago.api.services.wsrequests.impl.WebRequestsServicesImpl [http-nio-8080-exec-4] Siempo de espera para reintento = 6, cantidad de reintentos = 5
2024-05-24 15:18:13,481 INFO com.claro.proceso.migracion.pospago.api.services.wsrequests.impl.WebRequestsServicesImpl [http-nio-8080-exec-4] Se obtuvo respuesta del servicio hasError = true, y contador de intentos igual a 2
2024-05-24 15:18:13,481 INFO com.claro.proceso.migracion.pospago.api.services.wsrequests.impl.WebRequestsServicesImpl [http-nio-8080-exec-4] loop de validación ha iniciado condator = 2
2024-05-24 15:18:15,856 INFO com.claro.proceso.migracion.pospago.api.services.wsrequests.impl.WebRequestsServicesImpl [http-nio-8080-exec-4] Se ha consultado el estado de la baja response status = 200
2024-05-24 15:18:15,861 INFO com.claro.proceso.migracion.pospago.api.services.wsrequests.impl.WebRequestsServicesImpl [http-nio-8080-exec-4] respuesta de la valicación exitosa, hasError = false, y validador seteado a false
2024-05-24 15:18:15,862 INFO com.claro.proceso.migracion.pospago.api.services.migration.impl.MigrationFlowServiceImpl [http-nio-8080-exec-4] Response de validación de baja {"hasError":false,"code":null,"message":"fail","attributes":[{"name":"notifyDownPostpaid","value":{"step2":{"response":[{"errorCode":0,"actionDate":"2024-05-24 15:17:59.0","ts":"2024-05-24 15:17:59.0","status":7}],"state":"FASE2_FINISH"},"step3":{"response":"In ChangeStatusSimImsi the state is: 'a'","state":"FASE3_ERROR"},"step4":{"exception":"IN parameter not valid for output extraction; nested exception is org.hibernate.procedure.ParameterMisuseException: IN parameter not valid for output extraction","response":"Exception error","state":"FASE4_ERROR"},"step5":null}}]}
2024-05-24 15:18:15,862 INFO com.claro.proceso.migracion.pospago.api.services.migration.impl.MigrationFlowServiceImpl [http-nio-8080-exec-4] Verificada la baja exitosa!
2024-05-24 15:18:15,864 INFO com.claro.proceso.migracion.pospago.api.services.mactpre.impl.MigrationOrdersServiceImpl [http-nio-8080-exec-4] Guardar traking para la orden 1716585451 con estado IN_PROGRESS
2024-05-24 15:18:15,885 INFO com.claro.proceso.migracion.pospago.api.services.mactpre.impl.MigrationOrdersServiceImpl [http-nio-8080-exec-4] Guardado el estado de la orden
2024-05-24 15:18:15,925 INFO com.claro.proceso.migracion.pospago.api.services.migration.impl.MigrationFlowServiceImpl [http-nio-8080-exec-4] ir al siguiente paso si es híbrido baja prepago y si es puro alta a prepago
2024-05-24 15:18:15,926 INFO com.claro.proceso.migracion.pospago.api.services.migration.impl.MigrationFlowServiceImpl [http-nio-8080-exec-4] iniciando baja servicio prepago soap client
2024-05-24 15:18:15,927 INFO com.claro.proceso.migracion.pospago.api.services.wsrequests.impl.WebRequestsServicesImpl [http-nio-8080-exec-4] WebRequest Obteniendo resultado en baja de msisdn en prepago...
2024-05-24 15:18:15,964 INFO com.claro.proceso.migracion.pospago.api.services.wsrequests.impl.WebRequestsServicesImpl [http-nio-8080-exec-4] XML enviado en el request <soapenv:Envelope xmlns:soapenv="http://schemas.xmlsoap.org/soap/envelope/" xmlns:tec="http://tecnomen.claro.com.hn/">
   <soapenv:Header/>
   <soapenv:Body>
      <tec:deleteSubscriber>
         <deleteSubscribersAtt>
            <subId>50234060732</subId>
         </deleteSubscribersAtt>
      </tec:deleteSubscriber>
   </soapenv:Body>
</soapenv:Envelope>
2024-05-24 15:18:15,968 INFO com.claro.proceso.migracion.pospago.api.config.SoapClient [http-nio-8080-exec-4] APINAME deleteSubscriber
2024-05-24 15:18:15,968 INFO com.claro.proceso.migracion.pospago.api.config.SoapClient [http-nio-8080-exec-4] http://172.21.195.78:7003/Tecnotree-API-WS-GT-2.0/TecnomenWebService
2024-05-24 15:18:15,969 INFO com.claro.proceso.migracion.pospago.api.config.SoapClient [http-nio-8080-exec-4] Sending the envelop to server
2024-05-24 15:18:16,054 INFO com.claro.proceso.migracion.pospago.api.config.SoapClient [http-nio-8080-exec-4] Reading the Response
2024-05-24 15:18:16,401 INFO com.claro.proceso.migracion.pospago.api.config.SoapClient [http-nio-8080-exec-4] Result SOAP: com.sun.xml.messaging.saaj.soap.ver1_1.Message1_1Impl@338c70fa
2024-05-24 15:18:16,402 INFO com.claro.proceso.migracion.pospago.api.config.SoapClient [http-nio-8080-exec-4] Result String: <?xml version='1.0' encoding='UTF-8'?><S:Envelope xmlns:S="http://schemas.xmlsoap.org/soap/envelope/"><S:Body><ns0:deleteSubscriberResponse xmlns:ns0="http://tecnomen.claro.com.hn/"><return>0</return></ns0:deleteSubscriberResponse></S:Body></S:Envelope>
2024-05-24 15:18:16,402 INFO com.claro.proceso.migracion.pospago.api.services.migration.impl.MigrationFlowServiceImpl [http-nio-8080-exec-4] Response del servicio de baja en prepago para híbridos <?xml version='1.0' encoding='UTF-8'?><S:Envelope xmlns:S="http://schemas.xmlsoap.org/soap/envelope/"><S:Body><ns0:deleteSubscriberResponse xmlns:ns0="http://tecnomen.claro.com.hn/"><return>0</return></ns0:deleteSubscriberResponse></S:Body></S:Envelope>
2024-05-24 15:18:16,402 INFO com.claro.proceso.migracion.pospago.api.services.migration.impl.MigrationFlowServiceImpl [http-nio-8080-exec-4] Baja prepago soap client exitosa!
2024-05-24 15:18:16,402 INFO com.claro.proceso.migracion.pospago.api.services.mactpre.impl.MigrationOrdersServiceImpl [http-nio-8080-exec-4] Guardar traking para la orden 1716585451 con estado IN_PROGRESS
2024-05-24 15:18:16,416 INFO com.claro.proceso.migracion.pospago.api.services.mactpre.impl.MigrationOrdersServiceImpl [http-nio-8080-exec-4] Guardado el estado de la orden
2024-05-24 15:18:16,449 INFO com.claro.proceso.migracion.pospago.api.services.migration.impl.MigrationFlowServiceImpl [http-nio-8080-exec-4] ir al siguiente paso, alta en prepago soap client
2024-05-24 15:18:16,449 INFO com.claro.proceso.migracion.pospago.api.services.migration.impl.MigrationFlowServiceImpl [http-nio-8080-exec-4] iniciando activación Prepago...
2024-05-24 15:18:16,451 INFO com.claro.proceso.migracion.pospago.api.services.wsrequests.impl.WebRequestsServicesImpl [http-nio-8080-exec-4] WebRequest Obteniendo resultado en activación de msisdn en prepago...
2024-05-24 15:18:16,452 INFO com.claro.proceso.migracion.pospago.api.services.wsrequests.impl.WebRequestsServicesImpl [http-nio-8080-exec-4] {"portbNumber": "string", "orderId":1716585451, "salesManCode":"1001", "phoneNumber":"50234060732", "sim":"8950201023057195130F", "imei":"null", "brand":"No posee", "model":"8950201023057195130F", "activationType":"MG-POST-PRE", "documentType":"2", "documentNumber":"9898234IP", "documentExpirationDate":"23/06/2024 03:17:32", "customerFirstname":"PRUEBAS CLIENTE", "customerLastname":"MIGRACION PREPAGO", "customerAddress":"12 Calle, 12 Av, 12-7, ZONA 2, SAN JUA, FRENTE A PARQUE CENTRAL", "region":"GUAT/GUATE, CAPI", "customerBirthday":"01/05/1997", "titleSex":"M", "userId":"admin_gt", "dist":"-", "profile":"1174 MIG_POSPRE_CLARO", "promoId":"null", "channel":"CRM_Perifericos", "registerInfo":1, "otherValue":"string", "codePortability":"string", "prepaidServices":[{  "spCode":0, "ndCode":0, "profileId":0}]}
2024-05-24 15:18:30,919 INFO com.claro.proceso.migracion.pospago.api.services.migration.impl.MigrationFlowServiceImpl [http-nio-8080-exec-4] Response de activación prepago {"hasError":false,"code":40917,"message":"Migración de Hibrido a Prepago Realizada con éxito","attributes":[{"name":"prepaidContractResult","value":{"idlColasIdlRequest":2038179809,"customerId":90739907,"contractId":90404147,"phoneNumber":"50234060732"}},{"name":"infoSim","value":{"imsi":"704012066654224","portId":211650824,"smId":215412814}}]}
2024-05-24 15:18:30,921 INFO com.claro.proceso.migracion.pospago.api.services.migration.impl.MigrationFlowServiceImpl [http-nio-8080-exec-4] Activación en prepago exitosa! Migración de Hibrido a Prepago Realizada con éxito
2024-05-24 15:18:30,922 INFO com.claro.proceso.migracion.pospago.api.services.migration.impl.MigrationFlowServiceImpl [http-nio-8080-exec-4] SUCCESS
2024-05-24 15:18:30,923 INFO com.claro.proceso.migracion.pospago.api.services.mactpre.impl.MigrationOrdersServiceImpl [http-nio-8080-exec-4] Guardar traking para la orden 1716585451 con estado IN_PROGRESS
2024-05-24 15:18:30,935 INFO com.claro.proceso.migracion.pospago.api.services.mactpre.impl.MigrationOrdersServiceImpl [http-nio-8080-exec-4] Guardado el estado de la orden
2024-05-24 15:18:30,958 INFO com.claro.proceso.migracion.pospago.api.services.migration.impl.MigrationFlowServiceImpl [http-nio-8080-exec-4] ir al siguiente paso enviar encabezado factura a ODA
2024-05-24 15:18:30,959 INFO com.claro.proceso.migracion.pospago.api.services.migration.impl.MigrationFlowServiceImpl [http-nio-8080-exec-4] Iniciando envío de encabezado a ODA...
2024-05-24 15:18:30,961 INFO com.claro.proceso.migracion.pospago.api.services.wsrequests.impl.WebRequestsServicesImpl [http-nio-8080-exec-4] WebRequest Obteniendo resultado en encabezado de ODA...
2024-05-24 15:18:30,973 INFO com.claro.proceso.migracion.pospago.api.services.wsrequests.impl.WebRequestsServicesImpl [http-nio-8080-exec-4] {  "agencia":"G225", "codigoCliente":13158987, "codigogestor":"  admin_gt", "codigopais":"502", "correlativoventa":1716585451, "cuentadetalle":1, "direccion":"12 Calle, 12 Av, 12-7, ZONA 2, SAN JUA, FRENTE A PARQUE CENTRAL", "exento":0, "fechacreacion":1716585510961, "financiamiento":0, "montofinan":0, "nit":"CF", "nombrecliente":"PRUEBAS CLIENTE MIGRACION PREPAGO", "numerocuotas":0, "prima":0, "deposito_garantia":0, "anticipado":0, "registrofiscal":null, "secuencia":null, "tipodoc":"FAC", "tipoventa":"NR", "totaldesc":0, "totaldescesp":0, "totalorden":50, "departamento":"GUAT", "municipio":"GUATE, CAPI", "variablesadi":null, "combo":0, "gironegocio":null, "telefono_financia":null, "contrato_financia":null}
2024-05-24 15:18:32,571 INFO com.claro.proceso.migracion.pospago.api.services.migration.impl.MigrationFlowServiceImpl [http-nio-8080-exec-4] Response de encabezado a ODA {"hasError":false,"code":1716585451,"message":"Encabezado  enviando a ODA con exito","faultDetails":null,"attributes":null}
2024-05-24 15:18:32,572 INFO com.claro.proceso.migracion.pospago.api.services.migration.impl.MigrationFlowServiceImpl [http-nio-8080-exec-4] El encabezado fue enviado a ODA exitosamete!
2024-05-24 15:18:32,573 INFO com.claro.proceso.migracion.pospago.api.services.migration.impl.MigrationFlowServiceImpl [http-nio-8080-exec-4] Código de ODA 1716585451
2024-05-24 15:18:32,573 INFO com.claro.proceso.migracion.pospago.api.services.mactpre.impl.MigrationOrdersServiceImpl [http-nio-8080-exec-4] Guardar traking para la orden 1716585451 con estado IN_PROGRESS
2024-05-24 15:18:32,590 INFO com.claro.proceso.migracion.pospago.api.services.mactpre.impl.MigrationOrdersServiceImpl [http-nio-8080-exec-4] Guardado el estado de la orden
2024-05-24 15:18:32,640 INFO com.claro.proceso.migracion.pospago.api.services.migration.impl.MigrationFlowServiceImpl [http-nio-8080-exec-4] ir al siguiente paso dar alta en prepago con el nuevo perfil
2024-05-24 15:18:32,641 INFO com.claro.proceso.migracion.pospago.api.services.migration.impl.MigrationFlowServiceImpl [http-nio-8080-exec-4] Iniciando el envío de detalle a ODA...
2024-05-24 15:18:32,641 INFO com.claro.proceso.migracion.pospago.api.services.wsrequests.impl.WebRequestsServicesImpl [http-nio-8080-exec-4] WebRequest Obteniendo resultado en detalle de ODA...
2024-05-24 15:18:32,654 INFO com.claro.proceso.migracion.pospago.api.services.wsrequests.impl.WebRequestsServicesImpl [http-nio-8080-exec-4] {"cantidad":1,"codigodatos":null,"codigoplan":null,"contrato":17548707,"correlativoventa":1716585451,"jerarquia_productos":"01/01/200","descuentoespec":0,"descuentoprod":0,"imei":null,"nivel":null,"plazo":0,"precioproducto":50,"sim":null,"simprice":null,"sim_sku":null,"sku":"Z05.0002.021","solicitudbilling":"","telefono":"50234060732","tipodescespe":"N/A","almacen":"H000","agencia":"G225","codigo_item":1,"prima":0,"monto_finan":0,"combo":0}
2024-05-24 15:18:33,209 INFO com.claro.proceso.migracion.pospago.api.services.migration.impl.MigrationFlowServiceImpl [http-nio-8080-exec-4] Response de detalle a ODA {"hasError":false,"code":1716585451,"message":"Detalle de factura enviado con exito","faultDetails":null,"attributes":null}
2024-05-24 15:18:33,210 INFO com.claro.proceso.migracion.pospago.api.services.migration.impl.MigrationFlowServiceImpl [http-nio-8080-exec-4] envío de detalle a ODA exitoso!
2024-05-24 15:18:33,210 INFO com.claro.proceso.migracion.pospago.api.services.mactpre.impl.MigrationOrdersServiceImpl [http-nio-8080-exec-4] Guardar traking para la orden 1716585451 con estado COMPLETED
2024-05-24 15:18:33,238 INFO com.claro.proceso.migracion.pospago.api.services.mactpre.impl.MigrationOrdersServiceImpl [http-nio-8080-exec-4] Guardado el estado de la orden
2024-05-24 15:18:33,258 INFO com.claro.proceso.migracion.pospago.api.services.migration.impl.MigrationFlowServiceImpl [http-nio-8080-exec-4] fin del proceso de migración!
2024-05-24 15:18:33,259 INFO com.claro.proceso.migracion.pospago.api.controllers.MigrationFlowController [http-nio-8080-exec-4] respuesta de la migración {0={Inicios de flujo de migración pospago HIBRIDO=No hay ordenes previas para este número}, 1={DROP_POSTPAID={Baja en pospago=Baja en pospago exitosa!}}, 2={VALID_DROP_POST={Verificación de baja en Pospago=Verificación de baja en pospago exitosa!}}, 3={DROP_PREPAID={Baja en prepago=Baja en prepago exitosa!}}, 4={ACTIVATE_PREPAID={Alta en prepago=Activación en prepago exitosa!}}, 5={HEADER_ODA={Envío de encabezado de factura a ODA=Encabezado enviado a ODA exitoso!}}, 6={DETAIL_ODA={Envío de detalle de factura a ODA=Detalle de factura enviado a ODA exitosamente!}}, 7={FINISHED_FLOW={completed=true}}, 8={odaCode=1716585451}}
2024-05-24 15:18:33,259 INFO com.claro.proceso.migracion.pospago.api.controllers.MigrationFlowController [http-nio-8080-exec-4] info del entry 0={Inicios de flujo de migración pospago HIBRIDO=No hay ordenes previas para este número}
2024-05-24 15:18:33,259 INFO com.claro.proceso.migracion.pospago.api.controllers.MigrationFlowController [http-nio-8080-exec-4] info del entry 1={DROP_POSTPAID={Baja en pospago=Baja en pospago exitosa!}}
2024-05-24 15:18:33,259 INFO com.claro.proceso.migracion.pospago.api.controllers.MigrationFlowController [http-nio-8080-exec-4] info del entry 2={VALID_DROP_POST={Verificación de baja en Pospago=Verificación de baja en pospago exitosa!}}
2024-05-24 15:18:33,259 INFO com.claro.proceso.migracion.pospago.api.controllers.MigrationFlowController [http-nio-8080-exec-4] info del entry 3={DROP_PREPAID={Baja en prepago=Baja en prepago exitosa!}}
2024-05-24 15:18:33,259 INFO com.claro.proceso.migracion.pospago.api.controllers.MigrationFlowController [http-nio-8080-exec-4] info del entry 4={ACTIVATE_PREPAID={Alta en prepago=Activación en prepago exitosa!}}
2024-05-24 15:18:33,260 INFO com.claro.proceso.migracion.pospago.api.controllers.MigrationFlowController [http-nio-8080-exec-4] info del entry 5={HEADER_ODA={Envío de encabezado de factura a ODA=Encabezado enviado a ODA exitoso!}}
2024-05-24 15:18:33,260 INFO com.claro.proceso.migracion.pospago.api.controllers.MigrationFlowController [http-nio-8080-exec-4] info del entry 6={DETAIL_ODA={Envío de detalle de factura a ODA=Detalle de factura enviado a ODA exitosamente!}}
2024-05-24 15:18:33,260 INFO com.claro.proceso.migracion.pospago.api.controllers.MigrationFlowController [http-nio-8080-exec-4] info del entry 7={FINISHED_FLOW={completed=true}}
2024-05-24 15:18:33,260 INFO com.claro.proceso.migracion.pospago.api.controllers.MigrationFlowController [http-nio-8080-exec-4] Si se completó actualizar el reason en contract history
2024-05-24 15:18:33,317 INFO com.claro.proceso.migracion.pospago.api.controllers.MigrationFlowController [http-nio-8080-exec-4] info del entry 8={odaCode=1716585451}
2024-05-24 15:20:21,745 INFO com.claro.proceso.migracion.pospago.api.controllers.BscsDataGatherController [http-nio-8080-exec-8] Obtener datos del cliente
2024-05-24 15:20:21,747 INFO com.claro.proceso.migracion.pospago.api.services.bscs.impl.BscsServiceImpl [http-nio-8080-exec-8] Obteniendo datos del cliente desde bscs...
2024-05-24 15:20:21,868 INFO com.claro.proceso.migracion.pospago.api.models.bscs.mapper.ClientMapper [http-nio-8080-exec-8] ResultSet 0
2024-05-24 15:20:21,894 INFO com.claro.proceso.migracion.pospago.api.services.bscs.impl.BscsServiceImpl [http-nio-8080-exec-8] No se encontró Imei ni Imsi para el msisdn 50234060732
2024-05-24 15:20:21,896 INFO com.claro.proceso.migracion.pospago.api.services.migration.impl.MigrationFlowServiceImpl [http-nio-8080-exec-8] Se valida el tipo de linea
2024-05-24 15:20:21,896 INFO com.claro.proceso.migracion.pospago.api.services.wsrequests.impl.WebRequestsServicesImpl [http-nio-8080-exec-8] WebRequest limpiando el cache en SPR...
2024-05-24 15:20:21,983 INFO com.claro.proceso.migracion.pospago.api.services.migration.impl.MigrationFlowServiceImpl [http-nio-8080-exec-8] Se limpió el cache en SPR {"code":0,"description":"Successful Transaction"}
2024-05-24 15:20:21,984 INFO com.claro.proceso.migracion.pospago.api.services.wsrequests.impl.WebRequestsServicesImpl [http-nio-8080-exec-8] WebRequest Obteniendo resultado en SPR...
2024-05-24 15:20:22,109 INFO com.claro.proceso.migracion.pospago.api.services.migration.impl.MigrationFlowServiceImpl [http-nio-8080-exec-8] Response de consulta SPR {"exitStatus":{"code":21,"description":"User not available for debits"},"paymentMethodInd":"A","iso3166":"GT","imsi":"704012066654224","transactionId":"95ff0a58-2238-446b-a955-771eeaf110b0","parameters":{"companyRange.companyId":"3","companyRange.companyName":"CLARO GT","companyRange.max":"50234799999","companyRange.min":"50234010000","isBroadband":"false","isDTHProfileId":"false","isIFI":"false","isMigrated":"true","platform":["TECNOMEN"],"profileId":"1","tecnomenAccountStatus":"1","tecnomenServiceStatus":"1"}}
2024-05-24 15:20:22,110 INFO com.claro.proceso.migracion.pospago.api.services.migration.impl.MigrationFlowServiceImpl [http-nio-8080-exec-8] El tipo de linea es: PREPAGO
2024-05-24 15:20:22,134 INFO com.claro.proceso.migracion.pospago.api.services.bscs.impl.BscsServiceImpl [http-nio-8080-exec-8] No se encontró Imei ni Imsi para el msisdn 50234060732
2024-05-24 15:20:22,183 ERROR com.claro.proceso.migracion.pospago.api.services.crmoe.impl.CrmOeServiceImpl [http-nio-8080-exec-8] No se obtuvo ningún dato de agencia Incorrect result size: expected 1, actual 0
2024-05-24 15:20:22,221 INFO com.claro.proceso.migracion.pospago.api.services.bscs.impl.BscsServiceImpl [http-nio-8080-exec-8]  Error = [Incorrect result size: expected 1, actual 0]
2024-05-24 15:20:22,250 INFO com.claro.proceso.migracion.pospago.api.controllers.BscsDataGatherController [http-nio-8080-exec-8] No es posible migrar porque noTieneAgencia
2024-05-24 15:20:22,250 INFO com.claro.proceso.migracion.pospago.api.controllers.BscsDataGatherController [http-nio-8080-exec-8] No es posible migrar porque noEstaActivo
2024-05-24 15:25:05,078 INFO org.springframework.scheduling.concurrent.ExecutorConfigurationSupport [Thread-8] Shutting down ExecutorService 'applicationTaskExecutor'
2024-05-24 15:25:05,079 INFO com.zaxxer.hikari.HikariDataSource [Thread-8] HikariPool-3 - Shutdown initiated...
2024-05-24 15:25:05,160 INFO com.zaxxer.hikari.HikariDataSource [Thread-8] HikariPool-3 - Shutdown completed.
2024-05-24 15:25:05,161 INFO com.zaxxer.hikari.HikariDataSource [Thread-8] HikariPool-2 - Shutdown initiated...
2024-05-24 15:25:05,314 INFO com.zaxxer.hikari.HikariDataSource [Thread-8] HikariPool-2 - Shutdown completed.
2024-05-24 15:25:05,317 INFO org.springframework.orm.jpa.AbstractEntityManagerFactoryBean [Thread-8] Closing JPA EntityManagerFactory for persistence unit 'default'
2024-05-24 15:25:05,331 INFO com.zaxxer.hikari.HikariDataSource [Thread-8] HikariPool-1 - Shutdown initiated...
2024-05-24 15:25:05,465 INFO com.zaxxer.hikari.HikariDataSource [Thread-8] HikariPool-1 - Shutdown completed.
2024-05-24 15:25:19,934 INFO org.springframework.boot.StartupInfoLogger [restartedMain] Starting PospagoPrepagoMigracionApplication on E-5CG2404HGG with PID 29204 (started by elcvari in C:\Users\elcvari\OneDrive - Ericsson\Documents\Claro\Back\pospago-prepago-migracion)
2024-05-24 15:25:19,935 INFO org.springframework.boot.SpringApplication [restartedMain] No active profile set, falling back to default profiles: default
2024-05-24 15:25:20,493 INFO org.springframework.data.repository.config.RepositoryConfigurationDelegate [restartedMain] Multiple Spring Data modules found, entering strict repository configuration mode!
2024-05-24 15:25:20,494 INFO org.springframework.data.repository.config.RepositoryConfigurationDelegate [restartedMain] Bootstrapping Spring Data JDBC repositories in DEFAULT mode.
2024-05-24 15:25:20,496 INFO org.springframework.data.repository.config.RepositoryConfigurationDelegate [restartedMain] Finished Spring Data repository scanning in 2ms. Found 0 JDBC repository interfaces.
2024-05-24 15:25:20,504 INFO org.springframework.data.repository.config.RepositoryConfigurationDelegate [restartedMain] Multiple Spring Data modules found, entering strict repository configuration mode!
2024-05-24 15:25:20,505 INFO org.springframework.data.repository.config.RepositoryConfigurationDelegate [restartedMain] Bootstrapping Spring Data JPA repositories in DEFAULT mode.
2024-05-24 15:25:20,507 INFO org.springframework.data.repository.config.RepositoryConfigurationDelegate [restartedMain] Finished Spring Data repository scanning in 1ms. Found 0 JPA repository interfaces.
2024-05-24 15:25:20,600 INFO org.springframework.context.support.PostProcessorRegistrationDelegate$BeanPostProcessorChecker [restartedMain] Bean 'org.springframework.ws.config.annotation.DelegatingWsConfiguration' of type [org.springframework.ws.config.annotation.DelegatingWsConfiguration$$EnhancerBySpringCGLIB$$ccee1e40] is not eligible for getting processed by all BeanPostProcessors (for example: not eligible for auto-proxying)
2024-05-24 15:25:20,603 INFO org.springframework.ws.soap.addressing.server.AbstractAddressingEndpointMapping [restartedMain] Supporting [WS-Addressing August 2004, WS-Addressing 1.0]
2024-05-24 15:25:20,843 INFO org.springframework.boot.web.embedded.tomcat.TomcatWebServer [restartedMain] Tomcat initialized with port(s): 8080 (http)
2024-05-24 15:25:20,844 INFO org.apache.juli.logging.DirectJDKLog [restartedMain] Starting service [Tomcat]
2024-05-24 15:25:20,844 INFO org.apache.juli.logging.DirectJDKLog [restartedMain] Starting Servlet engine: [Apache Tomcat/9.0.31]
2024-05-24 15:25:20,885 INFO org.apache.juli.logging.DirectJDKLog [restartedMain] Initializing Spring embedded WebApplicationContext
2024-05-24 15:25:20,885 INFO org.springframework.boot.web.servlet.context.ServletWebServerApplicationContext [restartedMain] Root WebApplicationContext: initialization completed in 945 ms
2024-05-24 15:25:20,907 WARN org.springframework.context.support.AbstractApplicationContext [restartedMain] Exception encountered during context initialization - cancelling refresh attempt: org.springframework.beans.factory.UnsatisfiedDependencyException: Error creating bean with name 'inMemoryDatabaseShutdownExecutor' defined in class path resource [org/springframework/boot/devtools/autoconfigure/DevToolsDataSourceAutoConfiguration.class]: Unsatisfied dependency expressed through method 'inMemoryDatabaseShutdownExecutor' parameter 0; nested exception is org.springframework.beans.factory.BeanCreationException: Error creating bean with name 'dataSource' defined in class path resource [org/springframework/boot/autoconfigure/jdbc/DataSourceConfiguration$Hikari.class]: Bean instantiation via factory method failed; nested exception is org.springframework.beans.BeanInstantiationException: Failed to instantiate [com.zaxxer.hikari.HikariDataSource]: Factory method 'dataSource' threw exception; nested exception is org.springframework.boot.autoconfigure.jdbc.DataSourceProperties$DataSourceBeanCreationException: Failed to determine a suitable driver class
2024-05-24 15:25:20,908 INFO org.apache.juli.logging.DirectJDKLog [restartedMain] Stopping service [Tomcat]
2024-05-24 15:25:20,914 INFO org.springframework.boot.autoconfigure.logging.ConditionEvaluationReportLoggingListener [restartedMain] 

Error starting ApplicationContext. To display the conditions report re-run your application with 'debug' enabled.
2024-05-24 15:25:20,914 ERROR org.springframework.boot.diagnostics.LoggingFailureAnalysisReporter [restartedMain] 

***************************
APPLICATION FAILED TO START
***************************

Description:

Failed to configure a DataSource: 'url' attribute is not specified and no embedded datasource could be configured.

Reason: Failed to determine a suitable driver class


Action:

Consider the following:
	If you want an embedded database (H2, HSQL or Derby), please put it on the classpath.
	If you have database settings to be loaded from a particular profile you may need to activate it (no profiles are currently active).

2024-05-24 15:25:40,682 INFO org.springframework.boot.StartupInfoLogger [restartedMain] Starting PospagoPrepagoMigracionApplication on E-5CG2404HGG with PID 29204 (started by elcvari in C:\Users\elcvari\OneDrive - Ericsson\Documents\Claro\Back\pospago-prepago-migracion)
2024-05-24 15:25:40,682 INFO org.springframework.boot.SpringApplication [restartedMain] No active profile set, falling back to default profiles: default
2024-05-24 15:25:41,069 INFO org.springframework.data.repository.config.RepositoryConfigurationDelegate [restartedMain] Multiple Spring Data modules found, entering strict repository configuration mode!
2024-05-24 15:25:41,069 INFO org.springframework.data.repository.config.RepositoryConfigurationDelegate [restartedMain] Bootstrapping Spring Data JDBC repositories in DEFAULT mode.
2024-05-24 15:25:41,071 INFO org.springframework.data.repository.config.RepositoryConfigurationDelegate [restartedMain] Finished Spring Data repository scanning in 1ms. Found 0 JDBC repository interfaces.
2024-05-24 15:25:41,078 INFO org.springframework.data.repository.config.RepositoryConfigurationDelegate [restartedMain] Multiple Spring Data modules found, entering strict repository configuration mode!
2024-05-24 15:25:41,079 INFO org.springframework.data.repository.config.RepositoryConfigurationDelegate [restartedMain] Bootstrapping Spring Data JPA repositories in DEFAULT mode.
2024-05-24 15:25:41,080 INFO org.springframework.data.repository.config.RepositoryConfigurationDelegate [restartedMain] Finished Spring Data repository scanning in 1ms. Found 0 JPA repository interfaces.
2024-05-24 15:25:41,171 INFO org.springframework.context.support.PostProcessorRegistrationDelegate$BeanPostProcessorChecker [restartedMain] Bean 'org.springframework.ws.config.annotation.DelegatingWsConfiguration' of type [org.springframework.ws.config.annotation.DelegatingWsConfiguration$$EnhancerBySpringCGLIB$$ccee1e40] is not eligible for getting processed by all BeanPostProcessors (for example: not eligible for auto-proxying)
2024-05-24 15:25:41,173 INFO org.springframework.ws.soap.addressing.server.AbstractAddressingEndpointMapping [restartedMain] Supporting [WS-Addressing August 2004, WS-Addressing 1.0]
2024-05-24 15:25:41,514 INFO org.springframework.boot.web.embedded.tomcat.TomcatWebServer [restartedMain] Tomcat initialized with port(s): 8080 (http)
2024-05-24 15:25:41,516 INFO org.apache.juli.logging.DirectJDKLog [restartedMain] Starting service [Tomcat]
2024-05-24 15:25:41,516 INFO org.apache.juli.logging.DirectJDKLog [restartedMain] Starting Servlet engine: [Apache Tomcat/9.0.31]
2024-05-24 15:25:41,573 INFO org.apache.juli.logging.DirectJDKLog [restartedMain] Initializing Spring embedded WebApplicationContext
2024-05-24 15:25:41,574 INFO org.springframework.boot.web.servlet.context.ServletWebServerApplicationContext [restartedMain] Root WebApplicationContext: initialization completed in 888 ms
2024-05-24 15:25:41,594 WARN org.springframework.context.support.AbstractApplicationContext [restartedMain] Exception encountered during context initialization - cancelling refresh attempt: org.springframework.beans.factory.UnsatisfiedDependencyException: Error creating bean with name 'inMemoryDatabaseShutdownExecutor' defined in class path resource [org/springframework/boot/devtools/autoconfigure/DevToolsDataSourceAutoConfiguration.class]: Unsatisfied dependency expressed through method 'inMemoryDatabaseShutdownExecutor' parameter 0; nested exception is org.springframework.beans.factory.BeanCreationException: Error creating bean with name 'dataSource' defined in class path resource [org/springframework/boot/autoconfigure/jdbc/DataSourceConfiguration$Hikari.class]: Bean instantiation via factory method failed; nested exception is org.springframework.beans.BeanInstantiationException: Failed to instantiate [com.zaxxer.hikari.HikariDataSource]: Factory method 'dataSource' threw exception; nested exception is org.springframework.boot.autoconfigure.jdbc.DataSourceProperties$DataSourceBeanCreationException: Failed to determine a suitable driver class
2024-05-24 15:25:41,595 INFO org.apache.juli.logging.DirectJDKLog [restartedMain] Stopping service [Tomcat]
2024-05-24 15:25:41,601 INFO org.springframework.boot.autoconfigure.logging.ConditionEvaluationReportLoggingListener [restartedMain] 

Error starting ApplicationContext. To display the conditions report re-run your application with 'debug' enabled.
2024-05-24 15:25:41,602 ERROR org.springframework.boot.diagnostics.LoggingFailureAnalysisReporter [restartedMain] 

***************************
APPLICATION FAILED TO START
***************************

Description:

Failed to configure a DataSource: 'url' attribute is not specified and no embedded datasource could be configured.

Reason: Failed to determine a suitable driver class


Action:

Consider the following:
	If you want an embedded database (H2, HSQL or Derby), please put it on the classpath.
	If you have database settings to be loaded from a particular profile you may need to activate it (no profiles are currently active).

2024-05-24 15:25:56,233 INFO org.springframework.boot.StartupInfoLogger [restartedMain] Starting PospagoPrepagoMigracionApplication on E-5CG2404HGG with PID 29204 (started by elcvari in C:\Users\elcvari\OneDrive - Ericsson\Documents\Claro\Back\pospago-prepago-migracion)
2024-05-24 15:25:56,233 INFO org.springframework.boot.SpringApplication [restartedMain] No active profile set, falling back to default profiles: default
2024-05-24 15:25:56,711 INFO org.springframework.data.repository.config.RepositoryConfigurationDelegate [restartedMain] Multiple Spring Data modules found, entering strict repository configuration mode!
2024-05-24 15:25:56,712 INFO org.springframework.data.repository.config.RepositoryConfigurationDelegate [restartedMain] Bootstrapping Spring Data JPA repositories in DEFAULT mode.
2024-05-24 15:25:56,740 INFO org.springframework.data.repository.config.RepositoryConfigurationDelegate [restartedMain] Finished Spring Data repository scanning in 27ms. Found 2 JPA repository interfaces.
2024-05-24 15:25:57,003 INFO org.springframework.context.support.PostProcessorRegistrationDelegate$BeanPostProcessorChecker [restartedMain] Bean 'org.springframework.ws.config.annotation.DelegatingWsConfiguration' of type [org.springframework.ws.config.annotation.DelegatingWsConfiguration$$EnhancerBySpringCGLIB$$ccee1e40] is not eligible for getting processed by all BeanPostProcessors (for example: not eligible for auto-proxying)
2024-05-24 15:25:57,006 INFO org.springframework.ws.soap.addressing.server.AbstractAddressingEndpointMapping [restartedMain] Supporting [WS-Addressing August 2004, WS-Addressing 1.0]
2024-05-24 15:25:57,323 INFO org.springframework.boot.web.embedded.tomcat.TomcatWebServer [restartedMain] Tomcat initialized with port(s): 8080 (http)
2024-05-24 15:25:57,325 INFO org.apache.juli.logging.DirectJDKLog [restartedMain] Starting service [Tomcat]
2024-05-24 15:25:57,325 INFO org.apache.juli.logging.DirectJDKLog [restartedMain] Starting Servlet engine: [Apache Tomcat/9.0.31]
2024-05-24 15:25:57,379 INFO org.apache.juli.logging.DirectJDKLog [restartedMain] Initializing Spring embedded WebApplicationContext
2024-05-24 15:25:57,380 INFO org.springframework.boot.web.servlet.context.ServletWebServerApplicationContext [restartedMain] Root WebApplicationContext: initialization completed in 1144 ms
2024-05-24 15:25:57,407 INFO com.claro.proceso.migracion.pospago.api.config.MactpreDB [restartedMain] Iniciando conexión por Jndi JPA...
2024-05-24 15:25:57,408 WARN org.springframework.context.support.AbstractApplicationContext [restartedMain] Exception encountered during context initialization - cancelling refresh attempt: org.springframework.beans.factory.UnsatisfiedDependencyException: Error creating bean with name 'mactpreEntityManagerFactory' defined in class path resource [com/claro/proceso/migracion/pospago/api/config/MactpreDB.class]: Unsatisfied dependency expressed through method 'entityManagerFactoryBean' parameter 0; nested exception is org.springframework.beans.factory.BeanCreationException: Error creating bean with name 'mactpreDataSource' defined in class path resource [com/claro/proceso/migracion/pospago/api/config/MactpreDB.class]: Bean instantiation via factory method failed; nested exception is org.springframework.beans.BeanInstantiationException: Failed to instantiate [javax.sql.DataSource]: Factory method 'dataSource' threw exception; nested exception is javax.naming.NoInitialContextException: Need to specify class name in environment or system property, or as an applet parameter, or in an application resource file:  java.naming.factory.initial
2024-05-24 15:25:57,409 INFO org.apache.juli.logging.DirectJDKLog [restartedMain] Stopping service [Tomcat]
2024-05-24 15:25:57,415 INFO org.springframework.boot.autoconfigure.logging.ConditionEvaluationReportLoggingListener [restartedMain] 

Error starting ApplicationContext. To display the conditions report re-run your application with 'debug' enabled.
2024-05-24 15:25:57,419 ERROR org.springframework.boot.SpringApplication [restartedMain] Application run failed
org.springframework.beans.factory.UnsatisfiedDependencyException: Error creating bean with name 'mactpreEntityManagerFactory' defined in class path resource [com/claro/proceso/migracion/pospago/api/config/MactpreDB.class]: Unsatisfied dependency expressed through method 'entityManagerFactoryBean' parameter 0; nested exception is org.springframework.beans.factory.BeanCreationException: Error creating bean with name 'mactpreDataSource' defined in class path resource [com/claro/proceso/migracion/pospago/api/config/MactpreDB.class]: Bean instantiation via factory method failed; nested exception is org.springframework.beans.BeanInstantiationException: Failed to instantiate [javax.sql.DataSource]: Factory method 'dataSource' threw exception; nested exception is javax.naming.NoInitialContextException: Need to specify class name in environment or system property, or as an applet parameter, or in an application resource file:  java.naming.factory.initial
	at org.springframework.beans.factory.support.ConstructorResolver.createArgumentArray(ConstructorResolver.java:798)
	at org.springframework.beans.factory.support.ConstructorResolver.instantiateUsingFactoryMethod(ConstructorResolver.java:539)
	at org.springframework.beans.factory.support.AbstractAutowireCapableBeanFactory.instantiateUsingFactoryMethod(AbstractAutowireCapableBeanFactory.java:1338)
	at org.springframework.beans.factory.support.AbstractAutowireCapableBeanFactory.createBeanInstance(AbstractAutowireCapableBeanFactory.java:1177)
	at org.springframework.beans.factory.support.AbstractAutowireCapableBeanFactory.doCreateBean(AbstractAutowireCapableBeanFactory.java:557)
	at org.springframework.beans.factory.support.AbstractAutowireCapableBeanFactory.createBean(AbstractAutowireCapableBeanFactory.java:517)
	at org.springframework.beans.factory.support.AbstractBeanFactory.lambda$doGetBean$0(AbstractBeanFactory.java:323)
	at org.springframework.beans.factory.support.DefaultSingletonBeanRegistry.getSingleton(DefaultSingletonBeanRegistry.java:222)
	at org.springframework.beans.factory.support.AbstractBeanFactory.doGetBean(AbstractBeanFactory.java:321)
	at org.springframework.beans.factory.support.AbstractBeanFactory.getBean(AbstractBeanFactory.java:202)
	at org.springframework.context.support.AbstractApplicationContext.getBean(AbstractApplicationContext.java:1108)
	at org.springframework.context.support.AbstractApplicationContext.finishBeanFactoryInitialization(AbstractApplicationContext.java:868)
	at org.springframework.context.support.AbstractApplicationContext.refresh(AbstractApplicationContext.java:550)
	at org.springframework.boot.web.servlet.context.ServletWebServerApplicationContext.refresh(ServletWebServerApplicationContext.java:141)
	at org.springframework.boot.SpringApplication.refresh(SpringApplication.java:747)
	at org.springframework.boot.SpringApplication.refreshContext(SpringApplication.java:397)
	at org.springframework.boot.SpringApplication.run(SpringApplication.java:315)
	at org.springframework.boot.SpringApplication.run(SpringApplication.java:1226)
	at org.springframework.boot.SpringApplication.run(SpringApplication.java:1215)
	at com.claro.proceso.migracion.pospago.api.PospagoPrepagoMigracionApplication.main(PospagoPrepagoMigracionApplication.java:10)
	at sun.reflect.NativeMethodAccessorImpl.invoke0(Native Method)
	at sun.reflect.NativeMethodAccessorImpl.invoke(NativeMethodAccessorImpl.java:62)
	at sun.reflect.DelegatingMethodAccessorImpl.invoke(DelegatingMethodAccessorImpl.java:43)
	at java.lang.reflect.Method.invoke(Method.java:498)
	at org.springframework.boot.devtools.restart.RestartLauncher.run(RestartLauncher.java:49)
Caused by: org.springframework.beans.factory.BeanCreationException: Error creating bean with name 'mactpreDataSource' defined in class path resource [com/claro/proceso/migracion/pospago/api/config/MactpreDB.class]: Bean instantiation via factory method failed; nested exception is org.springframework.beans.BeanInstantiationException: Failed to instantiate [javax.sql.DataSource]: Factory method 'dataSource' threw exception; nested exception is javax.naming.NoInitialContextException: Need to specify class name in environment or system property, or as an applet parameter, or in an application resource file:  java.naming.factory.initial
	at org.springframework.beans.factory.support.ConstructorResolver.instantiate(ConstructorResolver.java:656)
	at org.springframework.beans.factory.support.ConstructorResolver.instantiateUsingFactoryMethod(ConstructorResolver.java:484)
	at org.springframework.beans.factory.support.AbstractAutowireCapableBeanFactory.instantiateUsingFactoryMethod(AbstractAutowireCapableBeanFactory.java:1338)
	at org.springframework.beans.factory.support.AbstractAutowireCapableBeanFactory.createBeanInstance(AbstractAutowireCapableBeanFactory.java:1177)
	at org.springframework.beans.factory.support.AbstractAutowireCapableBeanFactory.doCreateBean(AbstractAutowireCapableBeanFactory.java:557)
	at org.springframework.beans.factory.support.AbstractAutowireCapableBeanFactory.createBean(AbstractAutowireCapableBeanFactory.java:517)
	at org.springframework.beans.factory.support.AbstractBeanFactory.lambda$doGetBean$0(AbstractBeanFactory.java:323)
	at org.springframework.beans.factory.support.DefaultSingletonBeanRegistry.getSingleton(DefaultSingletonBeanRegistry.java:222)
	at org.springframework.beans.factory.support.AbstractBeanFactory.doGetBean(AbstractBeanFactory.java:321)
	at org.springframework.beans.factory.support.AbstractBeanFactory.getBean(AbstractBeanFactory.java:202)
	at org.springframework.beans.factory.config.DependencyDescriptor.resolveCandidate(DependencyDescriptor.java:276)
	at org.springframework.beans.factory.support.DefaultListableBeanFactory.doResolveDependency(DefaultListableBeanFactory.java:1287)
	at org.springframework.beans.factory.support.DefaultListableBeanFactory.resolveDependency(DefaultListableBeanFactory.java:1207)
	at org.springframework.beans.factory.support.ConstructorResolver.resolveAutowiredArgument(ConstructorResolver.java:885)
	at org.springframework.beans.factory.support.ConstructorResolver.createArgumentArray(ConstructorResolver.java:789)
	... 24 common frames omitted
Caused by: org.springframework.beans.BeanInstantiationException: Failed to instantiate [javax.sql.DataSource]: Factory method 'dataSource' threw exception; nested exception is javax.naming.NoInitialContextException: Need to specify class name in environment or system property, or as an applet parameter, or in an application resource file:  java.naming.factory.initial
	at org.springframework.beans.factory.support.SimpleInstantiationStrategy.instantiate(SimpleInstantiationStrategy.java:185)
	at org.springframework.beans.factory.support.ConstructorResolver.instantiate(ConstructorResolver.java:651)
	... 38 common frames omitted
Caused by: javax.naming.NoInitialContextException: Need to specify class name in environment or system property, or as an applet parameter, or in an application resource file:  java.naming.factory.initial
	at javax.naming.spi.NamingManager.getInitialContext(NamingManager.java:673)
	at javax.naming.InitialContext.getDefaultInitCtx(InitialContext.java:313)
	at javax.naming.InitialContext.getURLOrDefaultInitCtx(InitialContext.java:350)
	at javax.naming.InitialContext.lookup(InitialContext.java:417)
	at com.claro.proceso.migracion.pospago.api.config.MactpreDB.dataSource(MactpreDB.java:47)
	at com.claro.proceso.migracion.pospago.api.config.MactpreDB$$EnhancerBySpringCGLIB$$f8fd44a3.CGLIB$dataSource$0(<generated>)
	at com.claro.proceso.migracion.pospago.api.config.MactpreDB$$EnhancerBySpringCGLIB$$f8fd44a3$$FastClassBySpringCGLIB$$808f3dbe.invoke(<generated>)
	at org.springframework.cglib.proxy.MethodProxy.invokeSuper(MethodProxy.java:244)
	at org.springframework.context.annotation.ConfigurationClassEnhancer$BeanMethodInterceptor.intercept(ConfigurationClassEnhancer.java:331)
	at com.claro.proceso.migracion.pospago.api.config.MactpreDB$$EnhancerBySpringCGLIB$$f8fd44a3.dataSource(<generated>)
	at sun.reflect.NativeMethodAccessorImpl.invoke0(Native Method)
	at sun.reflect.NativeMethodAccessorImpl.invoke(NativeMethodAccessorImpl.java:62)
	at sun.reflect.DelegatingMethodAccessorImpl.invoke(DelegatingMethodAccessorImpl.java:43)
	at java.lang.reflect.Method.invoke(Method.java:498)
	at org.springframework.beans.factory.support.SimpleInstantiationStrategy.instantiate(SimpleInstantiationStrategy.java:154)
	... 39 common frames omitted
2024-05-24 15:26:01,755 INFO org.springframework.boot.StartupInfoLogger [main] Starting PospagoPrepagoMigracionApplicationTests on E-5CG2404HGG with PID 24756 (started by elcvari in C:\Users\elcvari\OneDrive - Ericsson\Documents\Claro\Back\pospago-prepago-migracion)
2024-05-24 15:26:01,758 INFO org.springframework.boot.SpringApplication [main] No active profile set, falling back to default profiles: default
2024-05-24 15:26:01,958 INFO org.springframework.boot.StartupInfoLogger [main] Started PospagoPrepagoMigracionApplicationTests in 0.986 seconds (JVM running for 2.454)
